:Monkey: seed=944989768302 count=10
:AllowPackage: com.autonavi.amapauto
:IncludeCategory: android.intent.category.LAUNCHER
:IncludeCategory: android.intent.category.MONKEY
// Selecting main activities from category android.intent.category.LAUNCHER
//   - NOT USING main activity com.android.contacts.activities.PeopleActivity (from package com.android.contacts)
//   - NOT USING main activity com.android.androidsettings.Settings (from package com.android.androidsettings)
//   - NOT USING main activity com.android.browser.BrowserActivity (from package com.android.browser)
//   - NOT USING main activity com.android.soundrecorder.SoundRecorder (from package com.android.soundrecorder)
//   - NOT USING main activity com.chery.dialer.ui.MainActivity (from package com.chery.dialer)
//   - NOT USING main activity com.chery.launcher.MainActivity (from package com.chery.launcher)
//   - NOT USING main activity com.chery.settings.ui.MainActivity (from package com.chery.settings)
//   - NOT USING main activity cn.kuwo.kwmusiccar.WelcomeActivity (from package cn.kuwo.kwmusiccar)
//   - NOT USING main activity com.example.audioroute.AudioRoute (from package com.example.audioroute)
//   + Using main activity com.autonavi.auto.remote.fill.UsbFillActivity (from package com.autonavi.amapauto)
//   - NOT USING main activity com.android.providers.downloads.ui.DownloadList (from package com.android.providers.downloads.ui)
//   - NOT USING main activity com.redstone.fotaapp.MainActivity (from package com.redstone.fotaapp)
//   - NOT USING main activity com.kaolafm.auto.home.HubActivity (from package com.edog.car)
//   - NOT USING main activity com.yfve.pinyinime.SettingsActivity (from package com.yfve.pinyinime)
//   - NOT USING main activity com.iflytek.cutefly.speechclient.hmi.CommonActivity (from package com.iflytek.cutefly.speechclient.hmi)
//   - NOT USING main activity com.chery.assist.MainActivity (from package com.chery.assist)
//   - NOT USING main activity com.nforetek.bt.ui.MainMenuActivity (from package com.chery.bt)
//   - NOT USING main activity com.amwin.carlife.ui.activity.MainActivity (from package com.amwin.carlife.app)
//   - NOT USING main activity com.amwin.carplay.app.MainActivity (from package com.amwin.carplay.app)
//   - NOT USING main activity com.yfve.mcu.MainActivity (from package com.yfve.avn)
//   - NOT USING main activity com.chery.projection.MainActivity (from package com.yfve.avn)
//   - NOT USING main activity com.chery.care.MainActivity (from package com.chery.care)
//   - NOT USING main activity com.chery.factory.EnterActivity (from package com.chery.engineering)
//   - NOT USING main activity com.chery.eol.MainActivity (from package com.chery.eol)
//   - NOT USING main activity com.chery.hvac.MainActivity (from package com.chery.hvac)
//   - NOT USING main activity com.chery.help.activity.MainActivity (from package com.chery.help)
//   - NOT USING main activity com.chery.icm.ui.MainActivity (from package com.chery.icm)
//   - NOT USING main activity com.chery.media.MainActivity (from package com.chery.media)
//   - NOT USING main activity com.chery.multifunc.MainActivity (from package com.chery.multifunc)
//   - NOT USING main activity com.chou.acemusicplayer.MainActivity (from package com.chou.acemusicplayer)
//   - NOT USING main activity com.chery.property.MainActivity (from package com.chery.property)
//   - NOT USING main activity com.chery.radio.MainActivity (from package com.chery.radio)
//   - NOT USING main activity com.chery.systemui.ui.MainActivity (from package com.chery.systemui)
//   - NOT USING main activity com.chery.tbox.TBoxActivity (from package com.chery.tbox)
//   - NOT USING main activity com.chery.tsp.MainActivity (from package com.chery.tsp)
//   - NOT USING main activity com.chery.update.MainActivity (from package com.chery.update)
//   - NOT USING main activity com.chery.vr.ui.VrActivity (from package com.chery.vr)
//   - NOT USING main activity com.chery.violation.ui.MainActivity (from package com.chery.violation)
//   - NOT USING main activity com.chery.wallpaper.MainActivity (from package com.chery.wallpaper)
//   - NOT USING main activity com.chery.weather.MainActivity (from package com.chery.weather)
//   - NOT USING main activity com.freescale.wfdsink.WfdSinkActivity (from package com.freescale.wfdsink)
//   - NOT USING main activity com.skyworthauto.dvrchery.view.LiveViewActivity (from package com.skyworthauto.dvrchery)
// Selecting main activities from category android.intent.category.MONKEY
//   - NOT USING main activity com.android.launcher2.Launcher (from package com.android.launcher)
//   - NOT USING main activity com.android.androidsettings.Settings$RunningServicesActivity (from package com.android.androidsettings)
//   - NOT USING main activity com.android.androidsettings.Settings$StorageUseActivity (from package com.android.androidsettings)
//   - NOT USING main activity com.chery.launcher.MainActivity (from package com.chery.launcher)
// Seeded: 944989768302
// Event percentages:
//   0: 15.306122%
//   1: 10.204082%
//   2: 2.0408163%
//   3: 15.306122%
//   4: -0.0%
//   5: 25.510204%
//   6: 15.306122%
//   7: -0.0%
//   8: 2.0408163%
//   9: 1.0204082%
//   10: 13.265306%
:Switch: #Intent;action=android.intent.action.MAIN;category=android.intent.category.LAUNCHER;launchFlags=0x10200000;component=com.autonavi.amapauto/com.autonavi.auto.remote.fill.UsbFillActivity;end
    // Allowing start of Intent { act=android.intent.action.MAIN cat=[android.intent.category.LAUNCHER] cmp=com.autonavi.amapauto/com.autonavi.auto.remote.fill.UsbFillActivity } in package com.autonavi.amapauto
Sleeping for 500 milliseconds
:Sending Touch (ACTION_DOWN): 0:(873.0,192.0)
:Sending Touch (ACTION_POINTER_DOWN 1): 0:(872.71405,188.77678) 1:(91.0,556.0)
:Sending Touch (ACTION_MOVE): 0:(868.74567,183.4462) 1:(80.29001,551.82855)
:Sending Touch (ACTION_MOVE): 0:(860.3429,182.91948) 1:(65.85748,546.3861)
:Sending Touch (ACTION_MOVE): 0:(854.6393,182.31113) 1:(51.90568,538.2253)
:Sending Touch (ACTION_MOVE): 0:(843.7673,181.48515) 1:(37.851913,533.39435)
:Sending Touch (ACTION_MOVE): 0:(836.24695,176.9206) 1:(34.71741,530.19116)
:Sending Touch (ACTION_MOVE): 0:(833.54456,171.43501) 1:(24.956577,528.96906)
:Sending Touch (ACTION_POINTER_UP 1): 0:(831.7543,169.88718) 1:(12.614284,520.858)
Events injected: 10
:Sending rotation degree=0, persist=false
:Dropped: keys=0 pointers=0 trackballs=0 flips=0 rotations=0
## Network stats: elapsed time=655ms (0ms mobile, 0ms wifi, 655ms not connected)
// Monkey finished
