:Monkey: seed=945070486253 count=10
:AllowPackage: com.chery.care
:IncludeCategory: android.intent.category.LAUNCHER
:IncludeCategory: android.intent.category.MONKEY
// Selecting main activities from category android.intent.category.LAUNCHER
//   - NOT USING main activity com.android.contacts.activities.PeopleActivity (from package com.android.contacts)
//   - NOT USING main activity com.android.androidsettings.Settings (from package com.android.androidsettings)
//   - NOT USING main activity com.android.browser.BrowserActivity (from package com.android.browser)
//   - NOT USING main activity com.android.soundrecorder.SoundRecorder (from package com.android.soundrecorder)
//   - NOT USING main activity com.chery.dialer.ui.MainActivity (from package com.chery.dialer)
//   - NOT USING main activity com.chery.launcher.MainActivity (from package com.chery.launcher)
//   - NOT USING main activity com.chery.settings.ui.MainActivity (from package com.chery.settings)
//   - NOT USING main activity cn.kuwo.kwmusiccar.WelcomeActivity (from package cn.kuwo.kwmusiccar)
//   - NOT USING main activity com.example.audioroute.AudioRoute (from package com.example.audioroute)
//   - NOT USING main activity com.autonavi.auto.remote.fill.UsbFillActivity (from package com.autonavi.amapauto)
//   - NOT USING main activity com.android.providers.downloads.ui.DownloadList (from package com.android.providers.downloads.ui)
//   - NOT USING main activity com.redstone.fotaapp.MainActivity (from package com.redstone.fotaapp)
//   - NOT USING main activity com.kaolafm.auto.home.HubActivity (from package com.edog.car)
//   - NOT USING main activity com.yfve.pinyinime.SettingsActivity (from package com.yfve.pinyinime)
//   - NOT USING main activity com.iflytek.cutefly.speechclient.hmi.CommonActivity (from package com.iflytek.cutefly.speechclient.hmi)
//   - NOT USING main activity com.chery.assist.MainActivity (from package com.chery.assist)
//   - NOT USING main activity com.nforetek.bt.ui.MainMenuActivity (from package com.chery.bt)
//   - NOT USING main activity com.amwin.carlife.ui.activity.MainActivity (from package com.amwin.carlife.app)
//   - NOT USING main activity com.amwin.carplay.app.MainActivity (from package com.amwin.carplay.app)
//   - NOT USING main activity com.yfve.mcu.MainActivity (from package com.yfve.avn)
//   - NOT USING main activity com.chery.projection.MainActivity (from package com.yfve.avn)
//   + Using main activity com.chery.care.MainActivity (from package com.chery.care)
//   - NOT USING main activity com.chery.factory.EnterActivity (from package com.chery.engineering)
//   - NOT USING main activity com.chery.eol.MainActivity (from package com.chery.eol)
//   - NOT USING main activity com.chery.hvac.MainActivity (from package com.chery.hvac)
//   - NOT USING main activity com.chery.help.activity.MainActivity (from package com.chery.help)
//   - NOT USING main activity com.chery.icm.ui.MainActivity (from package com.chery.icm)
//   - NOT USING main activity com.chery.media.MainActivity (from package com.chery.media)
//   - NOT USING main activity com.chery.multifunc.MainActivity (from package com.chery.multifunc)
//   - NOT USING main activity com.chou.acemusicplayer.MainActivity (from package com.chou.acemusicplayer)
//   - NOT USING main activity com.chery.property.MainActivity (from package com.chery.property)
//   - NOT USING main activity com.chery.radio.MainActivity (from package com.chery.radio)
//   - NOT USING main activity com.chery.systemui.ui.MainActivity (from package com.chery.systemui)
//   - NOT USING main activity com.chery.tbox.TBoxActivity (from package com.chery.tbox)
//   - NOT USING main activity com.chery.tsp.MainActivity (from package com.chery.tsp)
//   - NOT USING main activity com.chery.update.MainActivity (from package com.chery.update)
//   - NOT USING main activity com.chery.vr.ui.VrActivity (from package com.chery.vr)
//   - NOT USING main activity com.chery.violation.ui.MainActivity (from package com.chery.violation)
//   - NOT USING main activity com.chery.wallpaper.MainActivity (from package com.chery.wallpaper)
//   - NOT USING main activity com.chery.weather.MainActivity (from package com.chery.weather)
//   - NOT USING main activity com.freescale.wfdsink.WfdSinkActivity (from package com.freescale.wfdsink)
//   - NOT USING main activity com.skyworthauto.dvrchery.view.LiveViewActivity (from package com.skyworthauto.dvrchery)
// Selecting main activities from category android.intent.category.MONKEY
//   - NOT USING main activity com.android.launcher2.Launcher (from package com.android.launcher)
//   - NOT USING main activity com.android.androidsettings.Settings$RunningServicesActivity (from package com.android.androidsettings)
//   - NOT USING main activity com.android.androidsettings.Settings$StorageUseActivity (from package com.android.androidsettings)
//   - NOT USING main activity com.chery.launcher.MainActivity (from package com.chery.launcher)
// Seeded: 945070486253
// Event percentages:
//   0: 15.306122%
//   1: 10.204082%
//   2: 2.0408163%
//   3: 15.306122%
//   4: -0.0%
//   5: 25.510204%
//   6: 15.306122%
//   7: -0.0%
//   8: 2.0408163%
//   9: 1.0204082%
//   10: 13.265306%
:Switch: #Intent;action=android.intent.action.MAIN;category=android.intent.category.LAUNCHER;launchFlags=0x10200000;component=com.chery.care/.MainActivity;end
    // Allowing start of Intent { act=android.intent.action.MAIN cat=[android.intent.category.LAUNCHER] cmp=com.chery.care/.MainActivity } in package com.chery.care
Sleeping for 1000 milliseconds
// CRASH: com.chery.weather (pid 2133)
// Short Msg: java.lang.IllegalArgumentException
// Long Msg: java.lang.IllegalArgumentException: Receiver not registered: com.chery.weather.MainActivity$1@421949f0
// Build Label: Chery/t1a_navi/t1a_navi:4.4.3/2.0.1-rc2/20190507.163216:user/dev-keys
// Build Changelist: 20190507.163229
// Build Time: 1557217949000
// java.lang.IllegalArgumentException: Receiver not registered: com.chery.weather.MainActivity$1@421949f0
// 	at android.app.LoadedApk.forgetReceiverDispatcher(LoadedApk.java:658)
// 	at android.app.ContextImpl.unregisterReceiver(ContextImpl.java:1461)
// 	at android.content.ContextWrapper.unregisterReceiver(ContextWrapper.java:489)
// 	at com.chery.weather.MainActivity.back(MainActivity.java:194)
// 	at com.chery.weather.MainActivity.onViewClicked(MainActivity.java:216)
// 	at com.chery.weather.MainActivity_ViewBinding$1.doClick(MainActivity_ViewBinding.java:32)
// 	at butterknife.internal.DebouncingOnClickListener.onClick(DebouncingOnClickListener.java:22)
// 	at android.view.View.performClick(View.java:4446)
// 	at android.view.View.onKeyUp(View.java:8249)
// 	at android.widget.TextView.onKeyUp(TextView.java:5628)
// 	at android.view.KeyEvent.dispatch(KeyEvent.java:2664)
// 	at android.view.View.dispatchKeyEvent(View.java:7673)
// 	at android.view.ViewGroup.dispatchKeyEvent(ViewGroup.java:1408)
// 	at android.view.ViewGroup.dispatchKeyEvent(ViewGroup.java:1408)
// 	at android.view.ViewGroup.dispatchKeyEvent(ViewGroup.java:1408)
// 	at android.view.ViewGroup.dispatchKeyEvent(ViewGroup.java:1408)
// 	at com.android.internal.policy.impl.PhoneWindow$DecorView.superDispatchKeyEvent(PhoneWindow.java:2035)
// 	at com.android.internal.policy.impl.PhoneWindow.superDispatchKeyEvent(PhoneWindow.java:1505)
// 	at android.app.Activity.dispatchKeyEvent(Activity.java:2418)
// 	at com.android.internal.policy.impl.PhoneWindow$DecorView.dispatchKeyEvent(PhoneWindow.java:1962)
// 	at android.view.ViewRootImpl$ViewPostImeInputStage.processKeyEvent(ViewRootImpl.java:3846)
// 	at android.view.ViewRootImpl$ViewPostImeInputStage.onProcess(ViewRootImpl.java:3820)
// 	at android.view.ViewRootImpl$InputStage.deliver(ViewRootImpl.java:3392)
// 	at android.view.ViewRootImpl$InputStage.onDeliverToNext(ViewRootImpl.java:3442)
// 	at android.view.ViewRootImpl$InputStage.forward(ViewRootImpl.java:3411)
// 	at android.view.ViewRootImpl$AsyncInputStage.forward(ViewRootImpl.java:3518)
// 	at android.view.ViewRootImpl$InputStage.apply(ViewRootImpl.java:3419)
// 	at android.view.ViewRootImpl$AsyncInputStage.apply(ViewRootImpl.java:3575)
// 	at android.view.ViewRootImpl$InputStage.deliver(ViewRootImpl.java:3392)
// 	at android.view.ViewRootImpl$InputStage.onDeliverToNext(ViewRootImpl.java:3442)
// 	at android.view.ViewRootImpl$InputStage.forward(ViewRootImpl.java:3411)
// 	at android.view.ViewRootImpl$InputStage.apply(ViewRootImpl.java:3419)
// 	at android.view.ViewRootImpl$InputStage.deliver(ViewRootImpl.java:3392)
// 	at android.view.ViewRootImpl$InputStage.onDeliverToNext(ViewRootImpl.java:3442)
// 	at android.view.ViewRootImpl$InputStage.forward(ViewRootImpl.java:3411)
// 	at android.view.ViewRootImpl$AsyncInputStage.forward(ViewRootImpl.java:3551)
// 	at android.view.ViewRootImpl$ImeInputStage.onFinishedInputEvent(ViewRootImpl.java:3712)
// 	at android.view.inputmethod.InputMethodManager$PendingEvent.run(InputMethodManager.java:2010)
// 	at android.view.inputmethod.InputMethodManager.invokeFinishedInputEventCallback(InputMethodManager.java:1704)
// 	at android.view.inputmethod.InputMethodManager.finishedInputEvent(InputMethodManager.java:1695)
// 	at android.view.inputmethod.InputMethodManager$ImeInputEventSender.onInputEventFinished(InputMethodManager.java:1987)
// 	at android.view.InputEventSender.dispatchInputEventFinished(InputEventSender.java:141)
// 	at android.os.MessageQueue.nativePollOnce(Native Method)
// 	at android.os.MessageQueue.next(MessageQueue.java:138)
// 	at android.os.Looper.loop(Looper.java:123)
// 	at android.app.ActivityThread.main(ActivityThread.java:5001)
// 	at java.lang.reflect.Method.invokeNative(Native Method)
// 	at java.lang.reflect.Method.invoke(Method.java:515)
// 	at com.android.internal.os.ZygoteInit$MethodAndArgsCaller.run(ZygoteInit.java:805)
// 	at com.android.internal.os.ZygoteInit.main(ZygoteInit.java:621)
// 	at dalvik.system.NativeStart.main(Native Method)
// 
    // Rejecting start of Intent { act=android.intent.action.MAIN cat=[android.intent.category.LAUNCHER] cmp=com.chery.tsp/.module.personal.PersonalActivity } in package com.chery.tsp
** Monkey aborted due to error.
Events injected: 1
:Sending rotation degree=0, persist=false
:Dropped: keys=0 pointers=0 trackballs=0 flips=0 rotations=0
## Network stats: elapsed time=1153ms (0ms mobile, 0ms wifi, 1153ms not connected)
** System appears to have crashed at event 1 of 10 using seed 945070486253
