:Monkey: seed=944990341746 count=10
:AllowPackage: com.android.pacprocessor
:IncludeCategory: android.intent.category.LAUNCHER
:IncludeCategory: android.intent.category.MONKEY
// Selecting main activities from category android.intent.category.LAUNCHER
//   - NOT USING main activity com.android.contacts.activities.PeopleActivity (from package com.android.contacts)
//   - NOT USING main activity com.android.androidsettings.Settings (from package com.android.androidsettings)
//   - NOT USING main activity com.android.browser.BrowserActivity (from package com.android.browser)
//   - NOT USING main activity com.android.soundrecorder.SoundRecorder (from package com.android.soundrecorder)
//   - NOT USING main activity com.chery.dialer.ui.MainActivity (from package com.chery.dialer)
//   - NOT USING main activity com.chery.launcher.MainActivity (from package com.chery.launcher)
//   - NOT USING main activity com.chery.settings.ui.MainActivity (from package com.chery.settings)
//   - NOT USING main activity cn.kuwo.kwmusiccar.WelcomeActivity (from package cn.kuwo.kwmusiccar)
//   - NOT USING main activity com.example.audioroute.AudioRoute (from package com.example.audioroute)
//   - NOT USING main activity com.autonavi.auto.remote.fill.UsbFillActivity (from package com.autonavi.amapauto)
//   - NOT USING main activity com.android.providers.downloads.ui.DownloadList (from package com.android.providers.downloads.ui)
//   - NOT USING main activity com.redstone.fotaapp.MainActivity (from package com.redstone.fotaapp)
//   - NOT USING main activity com.kaolafm.auto.home.HubActivity (from package com.edog.car)
//   - NOT USING main activity com.yfve.pinyinime.SettingsActivity (from package com.yfve.pinyinime)
//   - NOT USING main activity com.iflytek.cutefly.speechclient.hmi.CommonActivity (from package com.iflytek.cutefly.speechclient.hmi)
//   - NOT USING main activity com.chery.assist.MainActivity (from package com.chery.assist)
//   - NOT USING main activity com.nforetek.bt.ui.MainMenuActivity (from package com.chery.bt)
//   - NOT USING main activity com.amwin.carlife.ui.activity.MainActivity (from package com.amwin.carlife.app)
//   - NOT USING main activity com.amwin.carplay.app.MainActivity (from package com.amwin.carplay.app)
//   - NOT USING main activity com.yfve.mcu.MainActivity (from package com.yfve.avn)
//   - NOT USING main activity com.chery.projection.MainActivity (from package com.yfve.avn)
//   - NOT USING main activity com.chery.care.MainActivity (from package com.chery.care)
//   - NOT USING main activity com.chery.factory.EnterActivity (from package com.chery.engineering)
//   - NOT USING main activity com.chery.eol.MainActivity (from package com.chery.eol)
//   - NOT USING main activity com.chery.hvac.MainActivity (from package com.chery.hvac)
//   - NOT USING main activity com.chery.help.activity.MainActivity (from package com.chery.help)
//   - NOT USING main activity com.chery.icm.ui.MainActivity (from package com.chery.icm)
//   - NOT USING main activity com.chery.media.MainActivity (from package com.chery.media)
//   - NOT USING main activity com.chery.multifunc.MainActivity (from package com.chery.multifunc)
//   - NOT USING main activity com.chou.acemusicplayer.MainActivity (from package com.chou.acemusicplayer)
//   - NOT USING main activity com.chery.property.MainActivity (from package com.chery.property)
//   - NOT USING main activity com.chery.radio.MainActivity (from package com.chery.radio)
//   - NOT USING main activity com.chery.systemui.ui.MainActivity (from package com.chery.systemui)
//   - NOT USING main activity com.chery.tbox.TBoxActivity (from package com.chery.tbox)
//   - NOT USING main activity com.chery.tsp.MainActivity (from package com.chery.tsp)
//   - NOT USING main activity com.chery.update.MainActivity (from package com.chery.update)
//   - NOT USING main activity com.chery.vr.ui.VrActivity (from package com.chery.vr)
//   - NOT USING main activity com.chery.violation.ui.MainActivity (from package com.chery.violation)
//   - NOT USING main activity com.chery.wallpaper.MainActivity (from package com.chery.wallpaper)
//   - NOT USING main activity com.chery.weather.MainActivity (from package com.chery.weather)
//   - NOT USING main activity com.freescale.wfdsink.WfdSinkActivity (from package com.freescale.wfdsink)
//   - NOT USING main activity com.skyworthauto.dvrchery.view.LiveViewActivity (from package com.skyworthauto.dvrchery)
// Selecting main activities from category android.intent.category.MONKEY
//   - NOT USING main activity com.android.launcher2.Launcher (from package com.android.launcher)
//   - NOT USING main activity com.android.androidsettings.Settings$RunningServicesActivity (from package com.android.androidsettings)
//   - NOT USING main activity com.android.androidsettings.Settings$StorageUseActivity (from package com.android.androidsettings)
//   - NOT USING main activity com.chery.launcher.MainActivity (from package com.chery.launcher)
** No activities found to run, monkey aborted.
